<?xml version="1.0" encoding="UTF-8"?>
<testng-results ignored="0" total="1" passed="1" failed="0" skipped="0">
  <reporter-output>
  </reporter-output>
  <suite started-at="2024-02-04T16:05:46 IST" name="Default suite" finished-at="2024-02-04T16:05:47 IST" duration-ms="1667">
    <groups>
    </groups>
    <test started-at="2024-02-04T16:05:46 IST" name="Default test" finished-at="2024-02-04T16:05:47 IST" duration-ms="1667">
      <class name="apiTestFeb.day1">
        <test-method signature="test_feb4()[pri:0, instance:apiTestFeb.day1@769f71a9]" started-at="2024-02-04T16:05:46 IST" name="test_feb4" finished-at="2024-02-04T16:05:47 IST" duration-ms="1634" status="PASS">
          <reporter-output>
          </reporter-output>
        </test-method> <!-- test_feb4 -->
      </class> <!-- apiTestFeb.day1 -->
    </test> <!-- Default test -->
  </suite> <!-- Default suite -->
</testng-results>
